<?xml version="1.0" encoding="UTF-8"?>
<testng-results ignored="0" total="1" passed="1" failed="0" skipped="0">
  <reporter-output>
    <line>
      <![CDATA[Hi Good Morning]]>
    </line>
    <line>
      <![CDATA[Hi Good Aternoon ]]>
    </line>
  </reporter-output>
  <suite started-at="2022-10-14T15:07:12 IST" name="Default suite" finished-at="2022-10-14T15:07:12 IST" duration-ms="51">
    <groups>
    </groups>
    <test started-at="2022-10-14T15:07:12 IST" name="Default test" finished-at="2022-10-14T15:07:12 IST" duration-ms="51">
      <class name="Testng1.NewTest">
        <test-method signature="Display()[pri:0, instance:Testng1.NewTest@1725dc0f]" started-at="2022-10-14T15:07:12 IST" name="Display" finished-at="2022-10-14T15:07:12 IST" duration-ms="11" status="PASS">
          <reporter-output>
            <line>
              <![CDATA[Hi Good Morning]]>
            </line>
            <line>
              <![CDATA[Hi Good Aternoon ]]>
            </line>
          </reporter-output>
        </test-method> <!-- Display -->
      </class> <!-- Testng1.NewTest -->
    </test> <!-- Default test -->
  </suite> <!-- Default suite -->
</testng-results>
